2017/09/22 16:44:53 [error] [exception.CHttpException.403] exception 'CHttpException' with message 'You are not authorized to perform this action.' in D:\Project\htdocs\inphoto\framework\web\auth\CAccessControlFilter.php:183
Stack trace:
#0 D:\Project\htdocs\inphoto\framework\web\auth\CAccessControlFilter.php(145): CAccessControlFilter->accessDenied(Object(CWebUser), 'You are not aut...')
#1 D:\Project\htdocs\inphoto\framework\web\filters\CFilter.php(38): CAccessControlFilter->preFilter(Object(CFilterChain))
#2 D:\Project\htdocs\inphoto\framework\web\CController.php(1148): CFilter->filter(Object(CFilterChain))
#3 D:\Project\htdocs\inphoto\framework\web\filters\CInlineFilter.php(58): CController->filterAccessControl(Object(CFilterChain))
#4 D:\Project\htdocs\inphoto\framework\web\filters\CFilterChain.php(131): CInlineFilter->filter(Object(CFilterChain))
#5 D:\Project\htdocs\inphoto\framework\web\CController.php(291): CFilterChain->run()
#6 D:\Project\htdocs\inphoto\framework\web\CController.php(265): CController->runActionWithFilters(Object(CInlineAction), Array)
#7 D:\Project\htdocs\inphoto\framework\web\CWebApplication.php(282): CController->run('admin')
#8 D:\Project\htdocs\inphoto\framework\web\CWebApplication.php(141): CWebApplication->runController('admins/admin')
#9 D:\Project\htdocs\inphoto\framework\base\CApplication.php(185): CWebApplication->processRequest()
#10 D:\Project\htdocs\inphoto\index.php(13): CApplication->run()
#11 {main}
REQUEST_URI=/inphoto/index.php?r=admins/admin
HTTP_REFERER=http://localhost/inphoto/index.php?r=site/login
---
2017/09/23 18:11:41 [error] [exception.CHttpException.404] exception 'CHttpException' with message 'Unable to resolve the request "product/default/index".' in D:\Project\htdocs\inphoto\framework\web\CWebApplication.php:286
Stack trace:
#0 D:\Project\htdocs\inphoto\framework\web\CWebApplication.php(141): CWebApplication->runController('product/default...')
#1 D:\Project\htdocs\inphoto\framework\base\CApplication.php(185): CWebApplication->processRequest()
#2 D:\Project\htdocs\inphoto\index.php(13): CApplication->run()
#3 {main}
REQUEST_URI=/inphoto/index.php?r=product/default/index
---
2017/09/23 18:12:34 [error] [exception.CHttpException.404] exception 'CHttpException' with message 'Unable to resolve the request "product/default/index".' in D:\Project\htdocs\inphoto\framework\web\CWebApplication.php:286
Stack trace:
#0 D:\Project\htdocs\inphoto\framework\web\CWebApplication.php(141): CWebApplication->runController('product/default...')
#1 D:\Project\htdocs\inphoto\framework\base\CApplication.php(185): CWebApplication->processRequest()
#2 D:\Project\htdocs\inphoto\index.php(13): CApplication->run()
#3 {main}
REQUEST_URI=/inphoto/index.php?r=product/default/index
---
2017/09/23 18:12:35 [error] [exception.CHttpException.404] exception 'CHttpException' with message 'Unable to resolve the request "product/default/index".' in D:\Project\htdocs\inphoto\framework\web\CWebApplication.php:286
Stack trace:
#0 D:\Project\htdocs\inphoto\framework\web\CWebApplication.php(141): CWebApplication->runController('product/default...')
#1 D:\Project\htdocs\inphoto\framework\base\CApplication.php(185): CWebApplication->processRequest()
#2 D:\Project\htdocs\inphoto\index.php(13): CApplication->run()
#3 {main}
REQUEST_URI=/inphoto/index.php?r=product/default/index
---
2017/09/23 18:12:36 [error] [exception.CHttpException.404] exception 'CHttpException' with message 'Unable to resolve the request "product/default/index".' in D:\Project\htdocs\inphoto\framework\web\CWebApplication.php:286
Stack trace:
#0 D:\Project\htdocs\inphoto\framework\web\CWebApplication.php(141): CWebApplication->runController('product/default...')
#1 D:\Project\htdocs\inphoto\framework\base\CApplication.php(185): CWebApplication->processRequest()
#2 D:\Project\htdocs\inphoto\index.php(13): CApplication->run()
#3 {main}
REQUEST_URI=/inphoto/index.php?r=product/default/index
---
2017/09/23 18:12:36 [error] [exception.CHttpException.404] exception 'CHttpException' with message 'Unable to resolve the request "product/default/index".' in D:\Project\htdocs\inphoto\framework\web\CWebApplication.php:286
Stack trace:
#0 D:\Project\htdocs\inphoto\framework\web\CWebApplication.php(141): CWebApplication->runController('product/default...')
#1 D:\Project\htdocs\inphoto\framework\base\CApplication.php(185): CWebApplication->processRequest()
#2 D:\Project\htdocs\inphoto\index.php(13): CApplication->run()
#3 {main}
REQUEST_URI=/inphoto/index.php?r=product/default/index
---
2017/09/23 18:12:36 [error] [exception.CHttpException.404] exception 'CHttpException' with message 'Unable to resolve the request "product/default/index".' in D:\Project\htdocs\inphoto\framework\web\CWebApplication.php:286
Stack trace:
#0 D:\Project\htdocs\inphoto\framework\web\CWebApplication.php(141): CWebApplication->runController('product/default...')
#1 D:\Project\htdocs\inphoto\framework\base\CApplication.php(185): CWebApplication->processRequest()
#2 D:\Project\htdocs\inphoto\index.php(13): CApplication->run()
#3 {main}
REQUEST_URI=/inphoto/index.php?r=product/default/index
---
2017/09/23 18:16:16 [error] [exception.CHttpException.404] exception 'CHttpException' with message 'Unable to resolve the request "product/default/index".' in D:\Project\htdocs\inphoto\framework\web\CWebApplication.php:286
Stack trace:
#0 D:\Project\htdocs\inphoto\framework\web\CWebApplication.php(141): CWebApplication->runController('product/default...')
#1 D:\Project\htdocs\inphoto\framework\base\CApplication.php(185): CWebApplication->processRequest()
#2 D:\Project\htdocs\inphoto\index.php(13): CApplication->run()
#3 {main}
REQUEST_URI=/inphoto/index.php?r=product/default/index
---
